<?xml version="1.0" encoding="UTF-8"?>
<coverage generated="1728134159948" clover="3.2.0">
  <project timestamp="1728134159948" name="All files">
    <metrics statements="92" coveredstatements="50" conditionals="49" coveredconditionals="32" methods="30" coveredmethods="16" elements="171" coveredelements="98" complexity="0" loc="92" ncloc="92" packages="2" files="5" classes="5"/>
    <package name="src">
      <metrics statements="77" coveredstatements="35" conditionals="37" coveredconditionals="20" methods="27" coveredmethods="13"/>
      <file name="index.ts" path="/Users/liuyuyang/Desktop/extremelyjs/store/src/index.ts">
        <metrics statements="77" coveredstatements="35" conditionals="37" coveredconditionals="20" methods="27" coveredmethods="13"/>
        <line num="19" count="10" type="cond" truecount="2" falsecount="0"/>
        <line num="20" count="10" type="stmt"/>
        <line num="21" count="10" type="cond" truecount="1" falsecount="1"/>
        <line num="22" count="10" type="cond" truecount="3" falsecount="1"/>
        <line num="23" count="0" type="cond" truecount="0" falsecount="2"/>
        <line num="24" count="0" type="stmt"/>
        <line num="25" count="0" type="cond" truecount="0" falsecount="2"/>
        <line num="27" count="10" type="stmt"/>
        <line num="36" count="10" type="cond" truecount="2" falsecount="0"/>
        <line num="44" count="12" type="stmt"/>
        <line num="53" count="1" type="stmt"/>
        <line num="64" count="0" type="cond" truecount="0" falsecount="2"/>
        <line num="65" count="0" type="stmt"/>
        <line num="66" count="0" type="stmt"/>
        <line num="68" count="0" type="stmt"/>
        <line num="69" count="0" type="stmt"/>
        <line num="73" count="0" type="stmt"/>
        <line num="82" count="10" type="stmt"/>
        <line num="83" count="0" type="stmt"/>
        <line num="85" count="0" type="stmt"/>
        <line num="86" count="0" type="stmt"/>
        <line num="87" count="0" type="stmt"/>
        <line num="93" count="0" type="stmt"/>
        <line num="101" count="10" type="stmt"/>
        <line num="102" count="0" type="stmt"/>
        <line num="104" count="0" type="stmt"/>
        <line num="105" count="0" type="stmt"/>
        <line num="106" count="0" type="stmt"/>
        <line num="112" count="0" type="stmt"/>
        <line num="119" count="11" type="stmt"/>
        <line num="120" count="0" type="stmt"/>
        <line num="121" count="0" type="stmt"/>
        <line num="124" count="0" type="stmt"/>
        <line num="138" count="11" type="cond" truecount="1" falsecount="1"/>
        <line num="139" count="0" type="stmt"/>
        <line num="141" count="11" type="cond" truecount="2" falsecount="0"/>
        <line num="142" count="2" type="stmt"/>
        <line num="143" count="2" type="stmt"/>
        <line num="147" count="0" type="stmt"/>
        <line num="151" count="9" type="stmt"/>
        <line num="152" count="9" type="stmt"/>
        <line num="156" count="0" type="stmt"/>
        <line num="159" count="11" type="cond" truecount="3" falsecount="1"/>
        <line num="160" count="0" type="stmt"/>
        <line num="164" count="0" type="stmt"/>
        <line num="166" count="11" type="stmt"/>
        <line num="175" count="0" type="stmt"/>
        <line num="176" count="0" type="stmt"/>
        <line num="185" count="0" type="stmt"/>
        <line num="186" count="0" type="stmt"/>
        <line num="199" count="1" type="stmt"/>
        <line num="200" count="1" type="stmt"/>
        <line num="202" count="1" type="stmt"/>
        <line num="205" count="1" type="stmt"/>
        <line num="206" count="1" type="stmt"/>
        <line num="207" count="1" type="stmt"/>
        <line num="213" count="0" type="stmt"/>
        <line num="217" count="3" type="stmt"/>
        <line num="227" count="1" type="cond" truecount="1" falsecount="1"/>
        <line num="228" count="0" type="stmt"/>
        <line num="229" count="0" type="stmt"/>
        <line num="230" count="0" type="stmt"/>
        <line num="234" count="1" type="cond" truecount="1" falsecount="1"/>
        <line num="235" count="0" type="stmt"/>
        <line num="236" count="0" type="stmt"/>
        <line num="239" count="1" type="cond" truecount="1" falsecount="1"/>
        <line num="240" count="0" type="stmt"/>
        <line num="241" count="0" type="stmt"/>
        <line num="242" count="0" type="cond" truecount="0" falsecount="2"/>
        <line num="243" count="0" type="stmt"/>
        <line num="246" count="0" type="stmt"/>
        <line num="251" count="1" type="stmt"/>
        <line num="252" count="10" type="stmt"/>
        <line num="253" count="2" type="stmt"/>
        <line num="255" count="10" type="stmt"/>
        <line num="266" count="2" type="stmt"/>
        <line num="269" count="10" type="stmt"/>
      </file>
      <file name="type.ts" path="/Users/liuyuyang/Desktop/extremelyjs/store/src/type.ts">
        <metrics statements="0" coveredstatements="0" conditionals="0" coveredconditionals="0" methods="0" coveredmethods="0"/>
      </file>
    </package>
    <package name="src.utils">
      <metrics statements="15" coveredstatements="15" conditionals="12" coveredconditionals="12" methods="3" coveredmethods="3"/>
      <file name="env.ts" path="/Users/liuyuyang/Desktop/extremelyjs/store/src/utils/env.ts">
        <metrics statements="0" coveredstatements="0" conditionals="0" coveredconditionals="0" methods="0" coveredmethods="0"/>
      </file>
      <file name="getChangeType.ts" path="/Users/liuyuyang/Desktop/extremelyjs/store/src/utils/getChangeType.ts">
        <metrics statements="12" coveredstatements="12" conditionals="9" coveredconditionals="9" methods="2" coveredmethods="2"/>
        <line num="9" count="5" type="cond" truecount="2" falsecount="0"/>
        <line num="10" count="2" type="stmt"/>
        <line num="12" count="3" type="cond" truecount="2" falsecount="0"/>
        <line num="13" count="2" type="stmt"/>
        <line num="15" count="1" type="stmt"/>
        <line num="26" count="4" type="stmt"/>
        <line num="27" count="11" type="cond" truecount="5" falsecount="0"/>
        <line num="29" count="3" type="stmt"/>
        <line num="31" count="3" type="stmt"/>
        <line num="33" count="2" type="stmt"/>
        <line num="35" count="2" type="stmt"/>
        <line num="37" count="1" type="stmt"/>
      </file>
      <file name="local.ts" path="/Users/liuyuyang/Desktop/extremelyjs/store/src/utils/local.ts">
        <metrics statements="3" coveredstatements="3" conditionals="3" coveredconditionals="3" methods="1" coveredmethods="1"/>
        <line num="11" count="12" type="cond" truecount="2" falsecount="0"/>
        <line num="12" count="1" type="stmt"/>
        <line num="14" count="11" type="stmt"/>
      </file>
    </package>
  </project>
</coverage>
