{"total": {"lines":{"total":92,"covered":50,"skipped":0,"pct":54.34},"statements":{"total":92,"covered":50,"skipped":0,"pct":54.34},"functions":{"total":30,"covered":16,"skipped":0,"pct":53.33},"branches":{"total":49,"covered":32,"skipped":0,"pct":65.3},"branchesTrue":{"total":0,"covered":0,"skipped":0,"pct":100}}
,"/Users/liuyuyang/Desktop/extremelyjs/store/src/index.ts": {"lines":{"total":77,"covered":35,"skipped":0,"pct":45.45},"functions":{"total":27,"covered":13,"skipped":0,"pct":48.14},"statements":{"total":77,"covered":35,"skipped":0,"pct":45.45},"branches":{"total":37,"covered":20,"skipped":0,"pct":54.05}}
,"/Users/liuyuyang/Desktop/extremelyjs/store/src/type.ts": {"lines":{"total":0,"covered":0,"skipped":0,"pct":100},"functions":{"total":0,"covered":0,"skipped":0,"pct":100},"statements":{"total":0,"covered":0,"skipped":0,"pct":100},"branches":{"total":0,"covered":0,"skipped":0,"pct":100}}
,"/Users/liuyuyang/Desktop/extremelyjs/store/src/utils/env.ts": {"lines":{"total":0,"covered":0,"skipped":0,"pct":100},"functions":{"total":0,"covered":0,"skipped":0,"pct":100},"statements":{"total":0,"covered":0,"skipped":0,"pct":100},"branches":{"total":0,"covered":0,"skipped":0,"pct":100}}
,"/Users/liuyuyang/Desktop/extremelyjs/store/src/utils/getChangeType.ts": {"lines":{"total":12,"covered":12,"skipped":0,"pct":100},"functions":{"total":2,"covered":2,"skipped":0,"pct":100},"statements":{"total":12,"covered":12,"skipped":0,"pct":100},"branches":{"total":9,"covered":9,"skipped":0,"pct":100}}
,"/Users/liuyuyang/Desktop/extremelyjs/store/src/utils/local.ts": {"lines":{"total":3,"covered":3,"skipped":0,"pct":100},"functions":{"total":1,"covered":1,"skipped":0,"pct":100},"statements":{"total":3,"covered":3,"skipped":0,"pct":100},"branches":{"total":3,"covered":3,"skipped":0,"pct":100}}
}
