{"total": {"lines":{"total":92,"covered":34,"skipped":0,"pct":36.95},"statements":{"total":92,"covered":34,"skipped":0,"pct":36.95},"functions":{"total":30,"covered":7,"skipped":0,"pct":23.33},"branches":{"total":49,"covered":29,"skipped":0,"pct":59.18},"branchesTrue":{"total":0,"covered":0,"skipped":0,"pct":100}}
,"/Users/liuyuyang/Desktop/extremelyjs/store/src/index.ts": {"lines":{"total":77,"covered":19,"skipped":0,"pct":24.67},"functions":{"total":27,"covered":4,"skipped":0,"pct":14.81},"statements":{"total":77,"covered":19,"skipped":0,"pct":24.67},"branches":{"total":37,"covered":17,"skipped":0,"pct":45.94}}
,"/Users/liuyuyang/Desktop/extremelyjs/store/src/type.ts": {"lines":{"total":0,"covered":0,"skipped":0,"pct":100},"functions":{"total":0,"covered":0,"skipped":0,"pct":100},"statements":{"total":0,"covered":0,"skipped":0,"pct":100},"branches":{"total":0,"covered":0,"skipped":0,"pct":100}}
,"/Users/liuyuyang/Desktop/extremelyjs/store/src/utils/env.ts": {"lines":{"total":0,"covered":0,"skipped":0,"pct":100},"functions":{"total":0,"covered":0,"skipped":0,"pct":100},"statements":{"total":0,"covered":0,"skipped":0,"pct":100},"branches":{"total":0,"covered":0,"skipped":0,"pct":100}}
,"/Users/liuyuyang/Desktop/extremelyjs/store/src/utils/getChangeType.ts": {"lines":{"total":12,"covered":12,"skipped":0,"pct":100},"functions":{"total":2,"covered":2,"skipped":0,"pct":100},"statements":{"total":12,"covered":12,"skipped":0,"pct":100},"branches":{"total":9,"covered":9,"skipped":0,"pct":100}}
,"/Users/liuyuyang/Desktop/extremelyjs/store/src/utils/local.ts": {"lines":{"total":3,"covered":3,"skipped":0,"pct":100},"functions":{"total":1,"covered":1,"skipped":0,"pct":100},"statements":{"total":3,"covered":3,"skipped":0,"pct":100},"branches":{"total":3,"covered":3,"skipped":0,"pct":100}}
}
