TN:
SF:src/index.ts
FN:15,createMapperHooksStore
FN:43,getStoreValue
FN:52,getStoreLoading
FN:63,subscribe
FN:68,(anonymous_4)
FN:82,(anonymous_5)
FN:84,(anonymous_6)
FN:86,(anonymous_7)
FN:87,(anonymous_8)
FN:101,(anonymous_9)
FN:103,(anonymous_10)
FN:105,(anonymous_11)
FN:106,(anonymous_12)
FN:118,emit
FN:119,(anonymous_14)
FN:137,setStoreValue
FN:174,useStoreValue
FN:184,useStoreLoading
FN:196,loadStoreValue
FN:198,_loadStoreValue
FN:200,(anonymous_20)
FN:205,(anonymous_21)
FN:226,load
FN:230,(anonymous_23)
FN:251,(anonymous_24)
FN:252,(anonymous_25)
FN:265,reset
FNF:27
FNH:4
FNDA:3,createMapperHooksStore
FNDA:6,getStoreValue
FNDA:0,getStoreLoading
FNDA:0,subscribe
FNDA:0,(anonymous_4)
FNDA:0,(anonymous_5)
FNDA:0,(anonymous_6)
FNDA:0,(anonymous_7)
FNDA:0,(anonymous_8)
FNDA:0,(anonymous_9)
FNDA:0,(anonymous_10)
FNDA:0,(anonymous_11)
FNDA:0,(anonymous_12)
FNDA:6,emit
FNDA:0,(anonymous_14)
FNDA:6,setStoreValue
FNDA:0,useStoreValue
FNDA:0,useStoreLoading
FNDA:0,loadStoreValue
FNDA:0,_loadStoreValue
FNDA:0,(anonymous_20)
FNDA:0,(anonymous_21)
FNDA:0,load
FNDA:0,(anonymous_23)
FNDA:0,(anonymous_24)
FNDA:0,(anonymous_25)
FNDA:0,reset
DA:19,3
DA:20,3
DA:21,3
DA:22,3
DA:23,0
DA:24,0
DA:25,0
DA:27,3
DA:36,3
DA:44,6
DA:53,0
DA:64,0
DA:65,0
DA:66,0
DA:68,0
DA:69,0
DA:73,0
DA:82,3
DA:83,0
DA:85,0
DA:86,0
DA:87,0
DA:93,0
DA:101,3
DA:102,0
DA:104,0
DA:105,0
DA:106,0
DA:112,0
DA:119,6
DA:120,0
DA:121,0
DA:124,0
DA:138,6
DA:139,0
DA:141,6
DA:142,2
DA:143,2
DA:147,0
DA:151,4
DA:152,4
DA:156,0
DA:159,6
DA:160,0
DA:164,0
DA:166,6
DA:175,0
DA:176,0
DA:185,0
DA:186,0
DA:199,0
DA:200,0
DA:202,0
DA:205,0
DA:206,0
DA:207,0
DA:213,0
DA:217,0
DA:227,0
DA:228,0
DA:229,0
DA:230,0
DA:234,0
DA:235,0
DA:236,0
DA:239,0
DA:240,0
DA:241,0
DA:242,0
DA:243,0
DA:246,0
DA:251,0
DA:252,0
DA:253,0
DA:255,0
DA:266,0
DA:269,3
LF:77
LH:19
BRDA:19,0,0,3
BRDA:19,0,1,3
BRDA:21,1,0,0
BRDA:21,1,1,3
BRDA:22,2,0,0
BRDA:22,2,1,3
BRDA:22,3,0,3
BRDA:22,3,1,3
BRDA:23,4,0,0
BRDA:23,4,1,0
BRDA:25,5,0,0
BRDA:25,5,1,0
BRDA:31,6,0,3
BRDA:31,6,1,3
BRDA:31,6,2,3
BRDA:36,7,0,3
BRDA:36,7,1,3
BRDA:64,8,0,0
BRDA:64,8,1,0
BRDA:138,9,0,0
BRDA:138,9,1,6
BRDA:141,10,0,2
BRDA:141,10,1,4
BRDA:159,11,0,0
BRDA:159,11,1,6
BRDA:159,12,0,6
BRDA:159,12,1,6
BRDA:161,13,0,0
BRDA:161,13,1,0
BRDA:227,14,0,0
BRDA:227,14,1,0
BRDA:234,15,0,0
BRDA:234,15,1,0
BRDA:239,16,0,0
BRDA:239,16,1,0
BRDA:242,17,0,0
BRDA:242,17,1,0
BRF:37
BRH:17
end_of_record
TN:
SF:src/type.ts
FNF:0
FNH:0
LF:0
LH:0
BRF:0
BRH:0
end_of_record
TN:
SF:src/utils/env.ts
FNF:0
FNH:0
LF:0
LH:0
BRF:0
BRH:0
end_of_record
TN:
SF:src/utils/getChangeType.ts
FN:8,getBooleanValue
FN:26,(anonymous_1)
FNF:2
FNH:2
FNDA:5,getBooleanValue
FNDA:11,(anonymous_1)
DA:9,5
DA:10,2
DA:12,3
DA:13,2
DA:15,1
DA:26,3
DA:27,11
DA:29,3
DA:31,3
DA:33,2
DA:35,2
DA:37,1
LF:12
LH:12
BRDA:9,0,0,2
BRDA:9,0,1,3
BRDA:12,1,0,2
BRDA:12,1,1,1
BRDA:27,2,0,3
BRDA:27,2,1,3
BRDA:27,2,2,2
BRDA:27,2,3,2
BRDA:27,2,4,1
BRF:9
BRH:9
end_of_record
TN:
SF:src/utils/local.ts
FN:10,getLocalObject
FNF:1
FNH:1
FNDA:5,getLocalObject
DA:11,5
DA:12,1
DA:14,4
LF:3
LH:3
BRDA:10,0,0,1
BRDA:11,1,0,1
BRDA:11,1,1,4
BRF:3
BRH:3
end_of_record
